2025-02-10 21:36:44 [main] INFO  Module1_Login_Test.SwagLabLoginTest - ===== Test Suite Execution Started =====
2025-02-10 21:36:45 [main] INFO  Module1_Login_Test.SwagLabLoginTest - ------ Initializing Browser ------
2025-02-10 21:36:50 [main] INFO  LibraryFiles.BaseClass - Navigating to URL: https://www.saucedemo.com
2025-02-10 21:36:51 [main] INFO  Module1_Login_Test.SwagLabLoginTest - Browser initialized successfully.
2025-02-10 21:36:51 [main] INFO  Module1_Login_Test.SwagLabLoginTest - Initialize Page Object after browser launch
2025-02-10 21:36:51 [main] INFO  Module1_Login_Test.SwagLabLoginTest - ------ POM Objects created ------
2025-02-10 21:36:51 [main] INFO  Module1_Login_Test.SwagLabLoginTest - ===== Starting Test: TestLogin =====
2025-02-10 21:36:51 [main] INFO  Module1_Login_Test.SwagLabLoginTest - Entering username...
2025-02-10 21:36:52 [main] INFO  Module1_Login_Test.SwagLabLoginTest - Entering password...
2025-02-10 21:36:52 [main] INFO  Module1_Login_Test.SwagLabLoginTest - Clicking on the login button...
2025-02-10 21:36:54 [main] INFO  Module1_Login_Test.SwagLabLoginTest - Test Passed: TestLogin
2025-02-10 21:36:54 [main] INFO  Module1_Login_Test.SwagLabLoginTest - ===== Test Completed: TestLogin =====
2025-02-10 21:36:55 [main] INFO  Module1_Login_Test.SwagLabLoginTest - Extent Report Generated Successfully!
2025-02-10 21:36:55 [main] INFO  Module1_Login_Test.SwagLabLoginTest - Test Passed: TestLogin
2025-02-10 21:36:55 [main] INFO  Module1_Login_Test.SwagLabLoginTest - Closing the browser...
2025-02-10 21:36:55 [main] INFO  Module1_Login_Test.SwagLabLoginTest - Browser closed successfully.
2025-02-10 21:38:11 [main] INFO  LibraryFiles.BaseClass - Navigating to URL: https://www.saucedemo.com
2025-02-10 21:39:38 [main] INFO  LibraryFiles.BaseClass - Navigating to URL: https://www.saucedemo.com
2025-02-11 14:35:53 [main] INFO  Module1_Login_Test.SwagLabLoginTest - ===== Test Suite Execution Started =====
2025-02-11 14:35:53 [main] INFO  Module1_Login_Test.SwagLabLoginTest - ------ Initializing Browser ------
2025-02-11 14:35:55 [main] INFO  LibraryFiles.BaseClass - Navigating to URL: https://www.saucedemo.com
2025-02-11 14:35:55 [main] INFO  Module1_Login_Test.SwagLabLoginTest - Browser initialized successfully.
2025-02-11 14:35:55 [main] INFO  Module1_Login_Test.SwagLabLoginTest - Initialize Page Object after browser launch
2025-02-11 14:35:55 [main] INFO  Module1_Login_Test.SwagLabLoginTest - ------ POM Objects created ------
2025-02-11 14:35:55 [main] INFO  Module1_Login_Test.SwagLabLoginTest - ===== Starting Test: TestLogin =====
2025-02-11 14:35:56 [main] INFO  Module1_Login_Test.SwagLabLoginTest - Entering username...
2025-02-11 14:35:56 [main] INFO  Module1_Login_Test.SwagLabLoginTest - Entering password...
2025-02-11 14:35:56 [main] INFO  Module1_Login_Test.SwagLabLoginTest - Clicking on the login button...
2025-02-11 14:35:58 [main] INFO  Module1_Login_Test.SwagLabLoginTest - Test Passed: TestLogin
2025-02-11 14:35:58 [main] INFO  Module1_Login_Test.SwagLabLoginTest - ===== Test Completed: TestLogin =====
2025-02-11 14:35:59 [main] INFO  Module1_Login_Test.SwagLabLoginTest - Extent Report Generated Successfully!
2025-02-11 14:35:59 [main] INFO  Module1_Login_Test.SwagLabLoginTest - Test Passed: TestLogin
2025-02-11 14:35:59 [main] INFO  Module1_Login_Test.SwagLabLoginTest - Closing the browser...
2025-02-11 14:35:59 [main] INFO  Module1_Login_Test.SwagLabLoginTest - Browser closed successfully.
